<?xml version="1.0" encoding="UTF-8"?>
<Site BuildName="(empty)"
	BuildStamp="20260429-0815-Experimental"
	Name="priyam22-Nitro-AN515-44"
	Generator="ctest-3.22.1"
	CompilerName="/usr/bin/c++"
	CompilerVersion="11.4.0"
	OSName="Linux"
	Hostname="priyam22-Nitro-AN515-44"
	OSRelease="6.8.0-110-generic"
	OSVersion="#110~22.04.1-Ubuntu SMP PREEMPT_DYNAMIC Fri Mar 27 12:43:08 UTC "
	OSPlatform="x86_64"
	Is64Bits="1"
	VendorString="AuthenticAMD"
	VendorID="Advanced Micro Devices"
	FamilyID="23"
	ModelID="96"
	ProcessorCacheSize="512"
	NumberOfLogicalCPU="12"
	NumberOfPhysicalCPU="6"
	TotalVirtualMemory="9785"
	TotalPhysicalMemory="15354"
	LogicalProcessorsPerPhysical="2"
	ProcessorClockFrequency="1771.8"
	>
	<Testing>
		<StartDateTime>Apr 29 10:15 CEST</StartDateTime>
		<StartTestTime>1777450522</StartTestTime>
		<TestList/>
		<EndDateTime>Apr 29 10:15 CEST</EndDateTime>
		<EndTestTime>1777450522</EndTestTime>
		<ElapsedMinutes>0</ElapsedMinutes>
	</Testing>
</Site>
